1589793482383	mozrunner::runner	INFO	Running command: "C:\\Program Files\\Mozilla Firefox\\firefox.exe" "-marionette" "-headless" "-foreground" "-no-remote" "-profile" "C:\\Users\\SULEMA~1\\AppData\\Local\\Temp\\rust_mozprofileWIoQ6Q"
*** You are running in headless mode.
1589793483490	addons.webextension.doh-rollout@mozilla.org	WARN	Loading extension 'doh-rollout@mozilla.org': Reading manifest: Invalid extension permission: networkStatus
1589793483564	addons.webextension.screenshots@mozilla.org	WARN	Loading extension 'screenshots@mozilla.org': Reading manifest: Invalid extension permission: mozillaAddons
1589793483564	addons.webextension.screenshots@mozilla.org	WARN	Loading extension 'screenshots@mozilla.org': Reading manifest: Invalid extension permission: telemetry
1589793483581	addons.webextension.screenshots@mozilla.org	WARN	Loading extension 'screenshots@mozilla.org': Reading manifest: Invalid extension permission: resource://pdf.js/
1589793483582	addons.webextension.screenshots@mozilla.org	WARN	Loading extension 'screenshots@mozilla.org': Reading manifest: Invalid extension permission: about:reader*
JavaScript error: resource://gre/modules/XULStore.jsm, line 66: Error: Can't find profile directory.
1589793487460	Marionette	INFO	Listening on port 64609
1589793487918	Marionette	WARN	TLS certificate errors will be ignored for this session
JavaScript error: resource://gre/actors/PictureInPictureChild.jsm, line 114: InvalidStateError: An attempt was made to use an object that is not, or is no longer, usable
Exiting due to channel error.
	INFO	Running command: "C:\\Program Files\\Mozilla Firefox\\firefox.exe" "-marionette" "-headless" "-headless" "-foreground" "-no-remote" "-profile" "C:\\Users\\SULEMA~1\\AppData\\Local\\Temp\\rust_mozprofilevNsb3z"
*** You are running in headless mode.
1589793556639	addons.webextension.doh-rollout@mozilla.org	WARN	Loading extension 'doh-rollout@mozilla.org': Reading manifest: Invalid extension permission: networkStatus
1589793556697	addons.webextension.screenshots@mozilla.org	WARN	Loading extension 'screenshots@mozilla.org': Reading manifest: Invalid extension permission: mozillaAddons
1589793556698	addons.webextension.screenshots@mozilla.org	WARN	Loading extension 'screenshots@mozilla.org': Reading manifest: Invalid extension permission: telemetry
1589793556698	addons.webextension.screenshots@mozilla.org	WARN	Loading extension 'screenshots@mozilla.org': Reading manifest: Invalid extension permission: resource://pdf.js/
1589793556698	addons.webextension.screenshots@mozilla.org	WARN	Loading extension 'screenshots@mozilla.org': Reading manifest: Invalid extension permission: about:reader*
JavaScript error: resource://gre/modules/XULStore.jsm, line 66: Error: Can't find profile directory.
1589793560344	Marionette	INFO	Listening on port 64722
1589793562162	Marionette	WARN	TLS certificate errors will be ignored for this session
JavaScript error: resource://gre/actors/PictureInPictureChild.jsm, line 114: InvalidStateError: An attempt was made to use an object that is not, or is no longer, usable
1589793630947	mozrunner::runner	INFO	Running command: "C:\\Program Files\\Mozilla Firefox\\firefox.exe" "-marionette" "-headless" "-headless" "-headless" "-foreground" "-no-remote" "-profile" "C:\\Users\\SULEMA~1\\AppData\\Local\\Temp\\rust_mozprofilegQTDgC"
*** You are running in headless mode.
1589793632168	addons.webextension.doh-rollout@mozilla.org	WARN	Loading extension 'doh-rollout@mozilla.org': Reading manifest: Invalid extension permission: networkStatus
1589793632226	addons.webextension.screenshots@mozilla.org	WARN	Loading extension 'screenshots@mozilla.org': Reading manifest: Invalid extension permission: mozillaAddons
1589793632227	addons.webextension.screenshots@mozilla.org	WARN	Loading extension 'screenshots@mozilla.org': Reading manifest: Invalid extension permission: telemetry
1589793632227	addons.webextension.screenshots@mozilla.org	WARN	Loading extension 'screenshots@mozilla.org': Reading manifest: Invalid extension permission: resource://pdf.js/
1589793632227	addons.webextension.screenshots@mozilla.org	WARN	Loading extension 'screenshots@mozilla.org': Reading manifest: Invalid extension permission: about:reader*
JavaScript error: resource://gre/modules/XULStore.jsm, line 66: Error: Can't find profile directory.
1589793635955	Marionette	INFO	Listening on port 64832
1589793636427	Marionette	WARN	TLS certificate errors will be ignored for this session
JavaScript error: resource://gre/actors/PictureInPictureChild.jsm, line 114: InvalidStateError: An attempt was made to use an object that is not, or is no longer, usable

###!!! [Parent][MessageChannel] Error: (msgtype=0x38012A,name=PContent::Msg_AsyncMessage) Channel error: cannot send/recv

A content process crashed and MOZ_CRASHREPORTER_SHUTDOWN is set, shutting down
[Parent 6608, Gecko_IOThread] WARNING: pipe error: 232: file /builds/worker/checkouts/gecko/ipc/chromium/src/chrome/common/ipc_channel_win.cc, line 522
[Parent 6608, Gecko_IOThread] WARNING: file /builds/worker/checkouts/gecko/ipc/chromium/src/base/process_util_win.cc, line 166
[Child 2104, MediaDecoderStateMachine #1] WARNING: Decoder=12efbc5800 Decode error: NS_ERROR_DOM_MEDIA_FATAL_ERR (0x806e0005) - HandleRejectionError: file /builds/worker/checkouts/gecko/dom/media/MediaDecoderStateMachine.cpp, line 3367
[Child 2104, MediaDecoderStateMachine #1] WARNING: Decoder=12efbc5800 Decode error: NS_ERROR_DOM_MEDIA_FATAL_ERR (0x806e0005) - HandleRejectionError: file /builds/worker/checkouts/gecko/dom/media/MediaDecoderStateMachine.cpp, line 3367
[Child 2104, MediaDecoderStateMachine #1] WARNING: Decoder=12efbc5800 Decode error: NS_ERROR_DOM_MEDIA_FATAL_ERR (0x806e0005) - HandleRejectionError: file /builds/worker/checkouts/gecko/dom/media/MediaDecoderStateMachine.cpp, line 3367
[Child 2104, MediaDecoderStateMachine #1] WARNING: Decoder=12efbc5800 Decode error: NS_ERROR_DOM_MEDIA_FATAL_ERR (0x806e0005) - HandleRejectionError: file /builds/worker/checkouts/gecko/dom/media/MediaDecoderStateMachine.cpp, line 3367
[Child 2104, MediaDecoderStateMachine #1] WARNING: Decoder=12efbc5800 Decode error: NS_ERROR_DOM_MEDIA_FATAL_ERR (0x806e0005) - HandleRejectionError: file /builds/worker/checkouts/gecko/dom/media/MediaDecoderStateMachine.cpp, line 3367
[Child 2104, MediaDecoderStateMachine #1] WARNING: Decoder=12efbc5800 Decode error: NS_ERROR_DOM_MEDIA_FATAL_ERR (0xJavaScript error: resource:///modules/sessionstore/SessionStore.jsm, line 2231: TypeError: subject.QueryInterface is not a function
A content process crashed and MOZ_CRASHREPORTER_SHUTDOWN is set, shutting down
1589794158850	Marionette	INFO	Stopped listening on port 64976
/builds/worker/checkouts/gecko/dom/media/MediaDecoderStateMachine.cpp, line 3367
[Child 2104, MediaDecoderStateMachine #1] WARNING: Decoder=12efbc5800 Decode error: NS_ERROR_DOM_MEDIA_FATAL_ERR (0x806e0005) - HandleRejectionError: file /builds/worker/checkouts/gecko/dom/media/MediaDecoderStateMachine.cpp, line 3367
[Child 2104, MediaDecoderStateMachine #1] WARNING: Decoder=12efbc5800 Decode error: NS_ERROR_DOM_MEDIA_FATAL_ERR (0x806e0005) - HandleRejectionError: file /builds/worker/checkouts/gecko/dom/media/MediaDecoderStateMachine.cpp, line 3367
[Child 2104, MediaDecoderStateMachine #1] WARNING: Decoder=12efbc5800 Decode error: NS_ERROR_DOM_MEDIA_FATAL_ERR (0x806e0005) - HandleRejectionError: file /builds/worker/checkouts/gecko/dom/media/MediaDecoderStateMachine.cpp, line 3367
[Child 2104, MediaDecoderStateMachine #1] WARNING: Decoder=12efbc5800 Decode error: NS_ERROR_DOM_MEDIA_FATAL_ERR (0x806e0005) - HandleRejectionError: file /builds/worker/checkouts/gecko/dom/media/MediaDecoderStateMachine.cpp, line 3367
[Child 2104, MediaDecoderStateMachine #1] WARNING: Decoder=12efbc5800 Decode error: NS_ERROR_DOM_MEDIA_FATAL_ERR (0x806e0005) - HandleRejectionError: file /builds/worker/checkouts/gecko/dom/media/MediaDecoderStateMachine.cpp, line 3367
[Child 2104, MediaDecoderStateMachine #1] WARNING: Decoder=12efbc5800 Decode error: NS_ERROR_DOM_MEDIA_FATAL_ERR (0x806e0005) - HandleRejectionError: file /builds/worker/checkouts/gecko/dom/media/MediaDecoderStateMachine.cpp, line 3367
[Child 2104, MediaDecoderStateMachine #1] WARNING: Decoder=12efbc5800 Decode error: NS_ERROR_DOM_MEDIA_FATAL_ERR (0x806e0005) - HandleRejectionError: file /builds/worker/checkouts/gecko/dom/media/MediaDecoderStateMachine.cpp, line 3367
[Child 2104, MediaDecoderStateMachine #1] WARNING: Decoder=12efbc5800 Decode error: NS_ERROR_DOM_MEDIA_FATAL_ERR (0x806e0005) - HandleRejectionError: file /builds/worker/checkouts/gecko/dom/media/MediaDecoderStateMachine.cpp, line 3367
[Child 2104, MediaDecoderStateMachine #1] WARNING: Decoder=12efbc5800 Decode error: NS_ERROR_DOM_MEDIA_FATAL_ERR (0x806e0005) - HandleRejectionError: file /builds/worker/checkouts/gecko/dom/media/MediaDecoderStateMachine.cpp, line 3367
[Child 2104, MediaDecoderStateMachine #1] WARNING: Decoder=12efbc5800 Decode error: NS_ERROR_DOM_MEDIA_FATAL_ERR (0x806e0005) - HandleRejectionError: file /builds/worker/checkouts/gecko/dom/media/MediaDecoderStateMachine.cpp, line 3367
[Child 2104, MediaDecoderStateMachine #1] WARNING: Decoder=12efbc5800 Decode error: NS_ERROR_DOM_MEDIA_FATAL_ERR (0x806e0005) - HandleRejectionError: file /builds/worker/checkouts/gecko/dom/media/MediaDecoderStateMachine.cpp, line 3367
[Child 2104, MediaDecoderStateMachine #1] WARNING: Decoder=12efbc5800 Decode error: NS_ERROR_DOM_MEDIA_FATAL_ERR (0x806e0005) - HandleRejectionError: file /builds/worker/checkouts/gecko/dom/media/MediaDecoderStateMachine.cpp, line 3367
[Child 2104, MediaDecoderStateMachine #1] WARNING: Decoder=12efbc5800 Decode error: NS_ERROR_DOM_MEDIA_FATAL_ERR (0x806e0005) - HandleRejectionError: file /builds/worker/checkouts/gecko/dom/media/MediaDecoderStateMachine.cpp, line 3367
[Child 2104, MediaDecoderStateMachine #1] WARNING: Decoder=12efbc5800 Decode error: NS_ERROR_DOM_MEDIA_FATAL_ERR (0x806e0005) - HandleRejectionError: file /builds/worker/checkouts/gecko/dom/media/MediaDecoderStateMachine.cpp, line 3367
[Child 2104, MediaDecoderStateMachine #1] WARNING: Decoder=12efbc5800 Decode error: NS_ERROR_DOM_MEDIA_FATAL_ERR (0x806e0005) - HandleRejectionError: file /builds/worker/checkouts/gecko/dom/media/MediaDecoderStateMachine.cpp, line 3367
[Child 2104, MediaDecoderStateMachine #1] WARNING: Decoder=12efbc5800 Decode error: NS_ERROR_DOM_MEDIA_FATAL_ERR (0x806e0005) - HandleRejectionError: file /builds/worker/checkouts/gecko/dom/media/MediaDecoderStateMachine.cpp, line 3367
[Child 2104, MediaDecoderStateMachine #1] WARNING: Decoder=12efbc5800 Decode error: NS_ERROR_DOM_MEDIA_FATAL_ERR (0x806e0005) - HandleRejectionError: file /builds/worker/checkouts/gecko/dom/media/MediaDecoderStateMachine.cpp, line 3367
[Child 2104, MediaDecoderStateMachine #1] WARNING: Decoder=12efbc5800 Decode error: NS_ERROR_DOM_MEDIA_FATAL_ERR (0x806e0005) - HandleRejectionError: file /builds/worker/checkouts/gecko/dom/media/MediaDecoderStateMachine.cpp, line 3367
[Child 2104, MediaDecoderStateMachine #1] WARNING: Decoder=12efbc5800 Decode error: NS_ERROR_DOM_MEDIA_FATAL_ERR (0x806e0005) - HandleRejectionError: file /builds/worker/checkouts/gecko/dom/media/MediaDecoderStateMachine.cpp, line 3367
[Child 2104, MediaDecoderStateMachine #1] WARNING: Decoder=12efbc5800 Decode error: NS_ERROR_DOM_MEDIA_FATAL_ERR (0x806e0005) - HandleRejectionError: file /builds/worker/checkouts/gecko/dom/media/MediaDecoderStateMachine.cpp, line 3367
[Child 2104, MediaDecoderStateMachine #1] WARNING: Decoder=12efbc5800 Decode error: NS_ERROR_DOM_MEDIA_FATAL_ERR (0x806e0005) - HandleRejectionError: file /builds/worker/checkouts/gecko/dom/media/MediaDecoderStateMachine.cpp, line 3367
[Child 2104, MediaDecoderStateMachine #1] WARNING: Decoder=12efbc5800 Decode error: NS_ERROR_DOM_MEDIA_FATAL_ERR (0x806e0005) - HandleRejectionError: file /builds/worker/checkouts/gecko/dom/media/MediaDecoderStateMachine.cpp, line 3367
[Child 2104, MediaDecoderStateMachine #1] WARNING: Decoder=12efbc5800 Decode error: NS_ERROR_DOM_MEDIA_FATAL_ERR (0x806e0005) - HandleRejectionError: file /builds/worker/checkouts/gecko/dom/media/MediaDecoderStateMachine.cpp, line 3367
[Child 2104, MediaDecoderStateMachine #1] WARNING: Decoder=12efbc5800 Decode error: NS_ERROR_DOM_MEDIA_FATAL_ERR (0x806e0005) - HandleRejectionError: file /builds/worker/checkouts/gecko/dom/media/MediaDecoderStateMachine.cpp, line 3367
[Child 2104, MediaDecoderStateMachine #1] WARNING: Decoder=12efbc5800 Decode error: NS_ERROR_DOM_MEDIA_FATAL_ERR (0x806e0005) - HandleRejectionError: file /builds/worker/checkouts/gecko/dom/media/MediaDecoderStateMachine.cpp, line 3367
[Child 2104, MediaDecoderStateMachine #1] WARNING: Decoder=12efbc5800 Decode error: NS_ERROR_DOM_MEDIA_FATAL_ERR (0x806e0005) - HandleRejectionError: file /builds/worker/checkouts/gecko/dom/media/MediaDecoderStateMachine.cpp, line 3367
[Child 2104, MediaDecoderStateMachine #1] WARNING: Decoder=12efbc5800 Decode error: NS_ERROR_DOM_MEDIA_FATAL_ERR (0x806e0005) - HandleRejectionError: file /builds/worker/checkouts/gecko/dom/media/MediaDecoderStateMachine.cpp, line 3367
[Child 2104, MediaDecoderStateMachine #1] WARNING: Decoder=12efbc5800 Decode error: NS_ERROR_DOM_MEDIA_FATAL_ERR (0x806e0005) - HandleRejectionError: file /builds/worker/checkouts/gecko/dom/media/MediaDecoderStateMachine.cpp, line 3367
[Child 2104, MediaDecoderStateMachine #1] WARNING: Decoder=12efbc5800 Decode error: NS_ERROR_DOM_MEDIA_FATAL_ERR (0x806e0005) - HandleRejectionError: file /builds/worker/checkouts/gecko/dom/media/MediaDecoderStateMachine.cpp, line 3367
[Child 2104, MediaDecoderStateMachine #1] WARNING: Decoder=12efbc5800 Decode error: NS_ERROR_DOM_MEDIA_FATAL_ERR (0x806e0005) - HandleRejectionError: file /builds/worker/checkouts/gecko/dom/media/MediaDecoderStateMachine.cpp, line 3367
[Child 2104, MediaDecoderStateMachine #1] WARNING: Decoder=12efbc5800 Decode error: NS_ERROR_DOM_MEDIA_FATAL_ERR (0x806e0005) - HandleRejectionError: file /builds/worker/checkouts/gecko/dom/media/MediaDecoderStateMachine.cpp, line 3367
[Child 2104, MediaDecoderStateMachine #1] WARNING: Decoder=12efbc5800 Decode error: NS_ERROR_DOM_MEDIA_FATAL_ERR (0x806e0005) - HandleRejectionError: file /builds/worker/checkouts/gecko/dom/media/MediaDecoderStateMachine.cpp, line 3367
[Child 2104, MediaDecoderStateMachine #1] WARNING: Decoder=12efbc5800 Decode error: NS_ERROR_DOM_MEDIA_FATAL_ERR (0x806e0005) - HandleRejectionError: file /builds/worker/checkouts/gecko/dom/media/MediaDecoderStateMachine.cpp, line 3367
[Child 2104, MediaDecoderStateMachine #1] WARNING: Decoder=12efbc5800 Decode error: NS_ERROR_DOM_MEDIA_FATAL_ERR (0x806e0005) - HandleRejectionError: file /builds/worker/checkouts/gecko/dom/media/MediaDecoderStateMachine.cpp, line 3367
[Child 2104, MediaDecoderStateMachine #1] WARNING: Decoder=12efbc5800 Decode error: NS_ERROR_DOM_MEDIA_FATAL_ERR (0x806e0005) - HandleRejectionError: file /builds/worker/checkouts/gecko/dom/media/MediaDecoderStateMachine.cpp, line 3367
[Child 2104, MediaDecoderStateMachine #1] WARNING: Decoder=12efbc5800 Decode error: NS_ERROR_DOM_MEDIA_FATAL_ERR (0x806e0005) - HandleRejectionError: file /builds/worker/checkouts/gecko/dom/media/MediaDecoderStateMachine.cpp, line 3367
[Child 2104, MediaDecoderStateMachine #1] WARNING: Decoder=12efbc5800 Decode error: NS_ERROR_DOM_MEDIA_FATAL_ERR (0x806e0005) - HandleRejectionError: file /builds/worker/checkouts/gecko/dom/media/MediaDecoderStateMachine.cpp, line 3367
[Child 2104, MediaDecoderStateMachine #1] WARNING: Decoder=12efbc5800 Decode error: NS_ERROR_DOM_MEDIA_FATAL_ERR (0x806e0005) - HandleRejectionError: file /builds/worker/checkouts/gecko/dom/media/MediaDecoderStateMachine.cpp, line 3367
[Child 2104, MediaDecoderStateMachine #1] WARNING: Decoder=12efbc5800 Decode error: NS_ERROR_DOM_MEDIA_FATAL_ERR (0x806e0005) - HandleRejectionError: file /builds/worker/checkouts/gecko/dom/media/MediaDecoderStateMachine.cpp, line 3367
[Child 2104, MediaDecoderStateMachine #1] WARNING: Decoder=12efbc5800 Decode error: NS_ERROR_DOM_MEDIA_FATAL_ERR (0x806e0005) - HandleRejectionError: file /builds/worker/checkouts/gecko/dom/media/MediaDecoderStateMachine.cpp, line 3367
[Child 2104, MediaDecoderStateMachine #1] WARNING: Decoder=12efbc5800 Decode error: NS_ERROR_DOM_MEDIA_FATAL_ERR (0x806e0005) - HandleRejectionError: file /builds/worker/checkouts/gecko/dom/media/MediaDecoderStateMachine.cpp, line 3367
[Child 2104, MediaDecoderStateMachine #1] WARNING: Decoder=12efbc5800 Decode error: NS_ERROR_DOM_MEDIA_FATAL_ERR (0x806e0005) - HandleRejectionError: file /builds/worker/checkouts/gecko/dom/media/MediaDecoderStateMachine.cpp, line 3367
[Child 2104, MediaDecoderStateMachine #1] WARNING: Decoder=12efbc5800 Decode error: NS_ERROR_DOM_MEDIA_FATAL_ERR (0x806e0005) - HandleRejectionError: file /builds/worker/checkouts/gecko/dom/media/MediaDecoderStateMachine.cpp, line 3367
[Child 2104, MediaDecoderStateMachine #1] WARNING: Decoder=12efbc5800 Decode error: NS_ERROR_DOM_MEDIA_FATAL_ERR (0x806e0005) - HandleRejectionError: file /builds/worker/checkouts/gecko/dom/media/MediaDecoderStateMachine.cpp, line 3367
[Child 2104, MediaDecoderStateMachine #1] WARNING: Decoder=12efbc5800 Decode error: NS_ERROR_DOM_MEDIA_FATAL_ERR (0x806e0005) - HandleRejectionError: file /builds/worker/checkouts/gecko/dom/media/MediaDecoderStateMachine.cpp, line 3367
[Child 2104, MediaDecoderStateMachine #1] WARNING: Decoder=12efbc5800 Decode error: NS_ERROR_DOM_MEDIA_FATAL_ERR (0x806e0005) - HandleRejectionError: file /builds/worker/checkouts/gecko/dom/media/MediaDecoderStateMachine.cpp, line 3367
[Child 2104, MediaDecoderStateMachine #1] WARNING: Decoder=12efbc5800 Decode error: NS_ERROR_DOM_MEDIA_FATAL_ERR (0x806e0005) - HandleRejectionError: file /builds/worker/checkouts/gecko/dom/media/MediaDecoderStateMachine.cpp, line 3367
[Child 2104, MediaDecoderStateMachine #1] WARNING: Decoder=12efbc5800 Decode error: NS_ERROR_DOM_MEDIA_FATAL_ERR (0x806e0005) - HandleRejectionError: file /builds/worker/checkouts/gecko/dom/media/MediaDecoderStateMachine.cpp, line 3367
[Child 2104, MediaDecoderStateMachine #1] WARNING: Decoder=12efbc5800 Decode error: NS_ERROR_DOM_MEDIA_FATAL_ERR (0x806e0005) - HandleRejectionError: file /builds/worker/checkouts/gecko/dom/media/MediaDecoderStateMachine.cpp, line 3367
[Child 2104, MediaDecoderStateMachine #1] WARNING: Decoder=12efbc5800 Decode error: NS_ERROR_DOM_MEDIA_FATAL_ERR (0x806e0005) - HandleRejectionError: file /builds/worker/checkouts/gecko/dom/media/MediaDecoderStateMachine.cpp, line 3367
[Child 2104, MediaDecoderStateMachine #1] WARNING: Decoder=12efbc5800 Decode error: NS_ERROR_DOM_MEDIA_FATAL_ERR (0x806e0005) - HandleRejectionError: file /builds/worker/checkouts/gecko/dom/media/MediaDecoderStateMachine.cpp, line 3367
[Child 2104, MediaDecoderStateMachine #1] WARNING: Decoder=12efbc5800 Decode error: NS_ERROR_DOM_MEDIA_FATAL_ERR (0x806e0005) - HandleRejectionError: file /builds/worker/checkouts/gecko/dom/media/MediaDecoderStateMachine.cpp, line 3367
[Child 2104, MediaDecoderStateMachine #1] WARNING: Decoder=12efbc5800 Decode error: NS_ERROR_DOM_MEDIA_FATAL_ERR (0x806e0005) - HandleRejectionError: file /builds/worker/checkouts/gecko/dom/media/MediaDecoderStateMachine.cpp, line 3367
[Child 2104, MediaDecoderStateMachine #1] WARNING: Decoder=12efbc5800 Decode error: NS_ERROR_DOM_MEDIA_FATAL_ERR (0x806e0005) - HandleRejectionError: file /builds/worker/checkouts/gecko/dom/media/MediaDecoderStateMachine.cpp, line 3367
[Child 2104, MediaDecoderStateMachine #1] WARNING: Decoder=12efbc5800 Decode error: NS_ERROR_DOM_MEDIA_FATAL_ERR (0x806e0005) - HandleRejectionError: file /builds/worker/checkouts/gecko/dom/media/MediaDecoderStateMachine.cpp, line 3367
[Child 2104, MediaDecoderStateMachine #1] WARNING: Decoder=12efbc5800 Decode error: NS_ERROR_DOM_MEDIA_FATAL_ERR (0x806e0005) - HandleRejectionError: file /builds/worker/checkouts/gecko/dom/media/MediaDecoderStateMachine.cpp, line 3367
[Child 2104, MediaDecoderStateMachine #1] WARNING: Decoder=12efbc5800 Decode error: NS_ERROR_DOM_MEDIA_FATAL_ERR (0x806e0005) - HandleRejectionError: file /builds/worker/checkouts/gecko/dom/media/MediaDecoderStateMachine.cpp, line 3367
[Child 2104, MediaDecoderStateMachine #1] WARNING: Decoder=12efbc5800 Decode error: NS_ERROR_DOM_MEDIA_FATAL_ERR (0x806e0005) - HandleRejectionError: file /builds/worker/checkouts/gecko/dom/media/MediaDecoderStateMachine.cpp, line 3367
[Child 2104, MediaDecoderStateMachine #1] WARNING: Decoder=12efbc5800 Decode error: NS_ERROR_DOM_MEDIA_FATAL_ERR (0x806e0005) - HandleRejectionError: file /builds/worker/checkouts/gecko/dom/media/MediaDecoderStateMachine.cpp, line 3367
[Child 2104, MediaDecoderStateMachine #1] WARNING: Decoder=12efbc5800 Decode error: NS_ERROR_DOM_MEDIA_FATAL_ERR (0x806e0005) - HandleRejectionError: file /builds/worker/checkouts/gecko/dom/media/MediaDecoderStateMachine.cpp, line 3367
[Child 2104, MediaDecoderStateMachine #1] WARNING: Decoder=12efbc5800 Decode error: NS_ERROR_DOM_MEDIA_FATAL_ERR (0x806e0005) - HandleRejectionError: file /builds/worker/checkouts/gecko/dom/media/MediaDecoderStateMachine.cpp, line 3367
[Child 2104, MediaDecoderStateMachine #1] WARNING: Decoder=12efbc5800 Decode error: NS_ERROR_DOM_MEDIA_FATAL_ERR (0x806e0005) - HandleRejectionError: file /builds/worker/checkouts/gecko/dom/media/MediaDecoderStateMachine.cpp, line 3367
[Child 2104, MediaDecoderStateMachine #1] WARNING: Decoder=12efbc5800 Decode error: NS_ERROR_DOM_MEDIA_FATAL_ERR (0x806e0005) - HandleRejectionError: file /builds/worker/checkouts/gecko/dom/media/MediaDecoderStateMachine.cpp, line 3367
[Child 2104, MediaDecoderStateMachine #1] WARNING: Decoder=12efbc5800 Decode error: NS_ERROR_DOM_MEDIA_FATAL_ERR (0x806e0005) - HandleRejectionError: file /builds/worker/checkouts/gecko/dom/media/MediaDecoderStateMachine.cpp, line 3367
[Child 2104, MediaDecoderStateMachine #1] WARNING: Decoder=12efbc5800 Decode error: NS_ERROR_DOM_MEDIA_FATAL_ERR (0x806e0005) - HandleRejectionError: file /builds/worker/checkouts/gecko/dom/media/MediaDecoderStateMachine.cpp, line 3367
[Child 2104, MediaDecoderStateMachine #1] WARNING: Decoder=12efbc5800 Decode error: NS_ERROR_DOM_MEDIA_FATAL_ERR (0x806e0005) - HandleRejectionError: file /builds/worker/checkouts/gecko/dom/media/MediaDecoderStateMachine.cpp, line 3367
[Child 2104, MediaDecoderStateMachine #1] WARNING: Decoder=12efbc5800 Decode error: NS_ERROR_DOM_MEDIA_FATAL_ERR (0x806e0005) - HandleRejectionError: file /builds/worker/checkouts/gecko/dom/media/MediaDecoderStateMachine.cpp, line 3367
[Child 2104, MediaDecoderStateMachine #1] WARNING: Decoder=12efbc5800 Decode error: NS_ERROR_DOM_MEDIA_FATAL_ERR (0x806e0005) - HandleRejectionError: file /builds/worker/checkouts/gecko/dom/media/MediaDecoderStateMachine.cpp, line 3367
[Child 2104, MediaDecoderStateMachine #1] WARNING: Decoder=12efbc5800 Decode error: NS_ERROR_DOM_MEDIA_FATAL_ERR (0x806e0005) - HandleRejectionError: file /builds/worker/checkouts/gecko/dom/media/MediaDecoderStateMachine.cpp, line 3367
[Child 2104, MediaDecoderStateMachine #1] WARNING: Decoder=12efbc5800 Decode error: NS_ERROR_DOM_MEDIA_FATAL_ERR (0x806e0005) - HandleRejectionError: file /builds/worker/checkouts/gecko/dom/media/MediaDecoderStateMachine.cpp, line 3367
[Child 2104, MediaDecoderStateMachine #1] WARNING: Decoder=12efbc5800 Decode error: NS_ERROR_DOM_MEDIA_FATAL_ERR (0x806e0005) - HandleRejectionError: file /builds/worker/checkouts/gecko/dom/media/MediaDecoderStateMachine.cpp, line 3367
[Child 2104, MediaDecoderStateMachine #1] WARNING: Decoder=12efbc5800 Decode error: NS_ERROR_DOM_MEDIA_FATAL_ERR (0x806e0005) - HandleRejectionError: file /builds/worker/checkouts/gecko/dom/media/MediaDecoderStateMachine.cpp, line 3367
[Child 2104, MediaDecoderStateMachine #1] WARNING: Decoder=12efbc5800 Decode error: NS_ERROR_DOM_MEDIA_FATAL_ERR (0x806e0005) - HandleRejectionError: file /builds/worker/checkouts/gecko/dom/media/MediaDecoderStateMachine.cpp, line 3367
[Child 2104, MediaDecoderStateMachine #1] WARNING: Decoder=12efbc5800 Decode error: NS_ERROR_DOM_MEDIA_FATAL_ERR (0x806e0005) - HandleRejectionError: file /builds/worker/checkouts/gecko/dom/media/MediaDecoderStateMachine.cpp, line 3367
[Child 2104, MediaDecoderStateMachine #1] WARNING: Decoder=12efbc5800 Decode error: NS_ERROR_DOM_MEDIA_FATAL_ERR (0x806e0005) - HandleRejectionError: file /builds/worker/checkouts/gecko/dom/media/MediaDecoderStateMachine.cpp, line 3367
[Child 2104, MediaDecoderStateMachine #1] WARNING: Decoder=12efbc5800 Decode error: NS_ERROR_DOM_MEDIA_FATAL_ERR (0x806e0005) - HandleRejectionError: file /builds/worker/checkouts/gecko/dom/media/MediaDecoderStateMachine.cpp, line 3367
[Child 2104, MediaDecoderStateMachine #1] WARNING: Decoder=12efbc5800 Decode error: NS_ERROR_DOM_MEDIA_FATAL_ERR (0x806e0005) - HandleRejectionError: file /builds/worker/checkouts/gecko/dom/media/MediaDecoderStateMachine.cpp, line 3367
JavaScript error: resource:///modules/sessionstore/SessionStore.jsm, line 2231: TypeError: subject.QueryInterface is not a function
[Parent 6608, Gecko_IOThread] WARNING: pipe error: 232: file /builds/worker/checkouts/gecko/ipc/chromium/src/chrome/common/ipc_channel_win.cc, line 522
[Parent 6608, Gecko_IOThread] WARNING: pipe error: 232: file /builds/worker/checkouts/gecko/ipc/chromium/src/chrome/common/ipc_channel_win.cc, line 522
[Parent 6608, Gecko_IOThread] WARNING: pipe error: 232: file /builds/worker/checkouts/gecko/ipc/chromium/src/chrome/common/ipc_channel_win.cc, line 522
[Parent 6608, Gecko_IOThread] WARNING: pipe error: 232: file /builds/worker/checkouts/gecko/ipc/chromium/src/chrome/common/ipc_channel_win.cc, line 522
A content process crashed and MOZ_CRASHREPORTER_SHUTDOWN is set, shutting down
1589794160355	Marionette	INFO	Stopped listening on port 64832
hild 8872, MediaDecoderStateMachine #1] WARNING: Decoder=7f222a0400 Decode error: NS_ERROR_DOM_MEDIA_FATAL_ERR (0x806e0005) - HandleRejectionError: file /builds/worker/checkouts/gecko/dom/media/MediaDecoderStateMachine.cpp, line 3367
[Child 8872, MediaDecoderStateMachine #1] WARNING: Decoder=7f222a0400 Decode error: NS_ERROR_DOM_MEDIA_FATAL_ERR (0x806e0005) - HandleRejectionError: file /builds/worker/checkouts/gecko/dom/media/MediaDecoderStateMachine.cpp, line 3367
[Child 8872, MediaDecoderStateMachine #1] WARNING: Decoder=7f222a0400 Decode error: NS_ERROR_DOM_MEDIA_FATAL_ERR (0x806e0005) - HandleRejectionError: file /builds/worker/checkouts/gecko/dom/media/MediaDecoderStateMachine.cpp, line 3367
[Child 8872, MediaDecoderStateMachine #1] WARNING: Decoder=7f222a0400 Decode error: NS_ERROR_DOM_MEDIA_FATAL_ERR (0x806e0005) - HandleRejectionError: file /builds/worker/checkouts/gecko/dom/media/MediaDecoderStateMachine.cpp, line 3367
[Child 8872, MediaDecoderStateMachine #1] WARNING: Decoder=7f222a0400 Decode error: NS_ERROR_DOM_MEDIA_FATAL_ERR (0x806e0005) - HandleRejectionError: file /builds/worker/checkouts/gecko/dom/media/MediaDecoderStateMachine.cpp, line 3367
[Child 8872, MediaDecoderStateMachine #1] WARNING: Decoder=7f222a0400 Decode error: NS_ERROR_DOM_MEDIA_FATAL_ERR (0x806e0005) - HandleRejectionError: file /builds/worker/checkouts/gecko/dom/media/MediaDecoderStateMachine.cpp, line 3367
[Child 8872, MediaDecoderStateMachine #1] WARNING: Decoder=7f222a0400 Decode error: NS_ERROR_DOM_MEDIA_FATAL_ERR (0x806e0005) - HandleRejectionError: file /builds/worker/checkouts/gecko/dom/media/MediaDecoderStateMachine.cpp, line 3367
[Child 8872, MediaDecoderStateMachine #1] WARNING: Decoder=7f222a0400 Decode error: NS_ERROR_DOM_MEDIA_FATAL_ERR (0x806e0005) - HandleRejectionError: file /builds/worker/checkouts/gecko/dom/media/MediaDecoderStateMachine.cpp, line 3367
[Child 8872, MediaDecoderStateMachine #1] WARNING: Decoder=7f222a0400 Decode error: NS_ERROR_DOM_MEDIA_FATAL_ERR (0x806e0005) - HandleRejectionError: file /builds/worker/checkouts/gecko/dom/media/MediaDecoderStateMachine.cpp, line 3367
[Child 8872, MediaDecoderStateMachine #1] WARNING: Decoder=7f222a0400 Decode error: NS_ERROR_DOM_MEDIA_FATAL_ERR (0x806e0005) - HandleRejectionError: file /builds/worker/checkouts/gecko/dom/media/MediaDecoderStateMachine.cpp, line 3367
[Child 8872, MediaDecoderStateMachine #1] WARNING: Decoder=7f222a0400 Decode error: NS_ERROR_DOM_MEDIA_FATAL_ERR (0x806e0005) - HandleRejectionError: file /builds/worker/checkouts/gecko/dom/media/MediaDecoderStateMachine.cpp, line 3367
[Child 8872, MediaDecoderStateMachine #1] WARNING: Decoder=7f222a0400 Decode error: NS_ERROR_DOM_MEDIA_FATAL_ERR (0x806e0005) - HandleRejectionError: file /builds/worker/checkouts/gecko/dom/media/MediaDecoderStateMachine.cpp, line 3367
[Child 8872, MediaDecoderStateMachine #1] WARNING: Decoder=7f222a0400 Decode error: NS_ERROR_DOM_MEDIA_FATAL_ERR (0x806e0005) - HandleRejectionError: file /builds/worker/checkouts/gecko/dom/media/MediaDecoderStateMachine.cpp, line 3367
[Child 8872, MediaDecoderStateMachine #1] WARNING: Decoder=7f222a0400 Decode error: NS_ERROR_DOM_MEDIA_FATAL_ERR (0x806e0005) - HandleRejectionError: file /builds/worker/checkouts/gecko/dom/media/MediaDecoderStateMachine.cpp, line 3367
[Child 8872, MediaDecoderStateMachine #1] WARNING: Decoder=7f222a0400 Decode error: NS_ERROR_DOM_MEDIA_FATAL_ERR (0x806e0005) - HandleRejectionError: file /builds/worker/checkouts/gecko/dom/media/MediaDecoderStateMachine.cpp, line 3367
[Child 8872, MediaDecoderStateMachine #1] WARNING: Decoder=7f222a0400 Decode error: NS_ERROR_DOM_MEDIA_FATAL_ERR (0x806e0005) - HandleRejectionError: file /builds/worker/checkouts/gecko/dom/media/MediaDecoderStateMachine.cpp, line 3367
[Child 8872, MediaDecoderStateMachine #1] WARNING: Decoder=7f222a0400 Decode error: NS_ERROR_DOM_MEDIA_FATAL_ERR (0x806e0005) - HandleRejectionError: file /builds/worker/checkouts/gecko/dom/media/MediaDecoderStateMachine.cpp, line 3367
[Child 8872, MediaDecoderStateMachine #1] WARNING: Decoder=7f222a0400 Decode error: NS_ERROR_DOM_MEDIA_FATAL_ERR (0x806e0005) - HandleRejectionError: file /builds/worker/checkouts/gecko/dom/media/MediaDecoderStateMachine.cpp, line 3367
[Child 8872, MediaDecoderStateMachine #1] WARNING: Decoder=7f222a0400 Decode error: NS_ERROR_DOM_MEDIA_FATAL_ERR (0x806e0005) - HandleRejectionError: file /builds/worker/checkouts/gecko/dom/media/MediaDecoderStateMachine.cpp, line 3367
[Child 8872, MediaDecoderStateMachine #1] WARNING: Decoder=7f222a0400 Decode error: NS_ERROR_DOM_MEDIA_FATAL_ERR (0x806e0005) - HandleRejectionError: file /builds/worker/checkouts/gecko/dom/media/MediaDecoderStateMachine.cpp, line 3367
[Child 8872, MediaDecoderStateMachine #1] WARNING: Decoder=7f222a0400 Decode error: NS_ERROR_DOM_MEDIA_FATAL_ERR (0x806e0005) - HandleRejectionError: file /builds/worker/checkouts/gecko/dom/media/MediaDecoderStateMachine.cpp, line 3367
[Child 8872, MediaDecoderStateMachine #1] WARNING: Decoder=7f222a0400 Decode error: NS_ERROR_DOM_MEDIA_FATAL_ERR (0x806e0005) - HandleRejectionError: file /builds/worker/checkouts/gecko/dom/media/MediaDecoderStateMachine.cpp, line 3367
[Child 8872, MediaDecoderStateMachine #1] WARNING: Decoder=7f222a0400 Decode error: NS_ERROR_DOM_MEDIA_FATAL_ERR (0x806e0005) - HandleRejectionError: file /builds/worker/checkouts/gecko/dom/media/MediaDecoderStateMachine.cpp, line 3367
[Child 8872, MediaDecoderStateMachine #1] WARNING: Decoder=7f222a0400 Decode error: NS_ERROR_DOM_MEDIA_FATAL_ERR (0x806e0005) - HandleRejectionError: file /builds/worker/checkouts/gecko/dom/media/MediaDecoderStateMachine.cpp, line 3367
[Child 8872, MediaDecoderStateMachine #1] WARNING: Decoder=7f222a0400 Decode error: NS_ERROR_DOM_MEDIA_FATAL_ERR (0x806e0005) - HandleRejectionError: file /builds/worker/checkouts/gecko/dom/media/MediaDecoderStateMachine.cpp, line 3367
[Child 8872, MediaDecoderStateMachine #1] WARNING: Decoder=7f222a0400 Decode error: NS_ERROR_DOM_MEDIA_FATAL_ERR (0x806e0005) - HandleRejectionError: file /builds/worker/checkouts/gecko/dom/media/MediaDecoderStateMachine.cpp, line 3367
[Child 8872, MediaDecoderStateMachine #1] WARNING: Decoder=7f222a0400 Decode error: NS_ERROR_DOM_MEDIA_FATAL_ERR (0x806e0005) - HandleRejectionError: file /builds/worker/checkouts/gecko/dom/media/MediaDecoderStateMachine.cpp, line 3367
[Child 8872, MediaDecoderStateMachine #1] WARNING: Decoder=7f222a0400 Decode error: NS_ERROR_DOM_MEDIA_FATAL_ERR (0x806e0005) - HandleRejectionError: file /builds/worker/checkouts/gecko/dom/media/MediaDecoderStateMachine.cpp, line 3367
[Child 8872, MediaDecoderStateMachine #1] WARNING: Decoder=7f222a0400 Decode error: NS_ERROR_DOM_MEDIA_FATAL_ERR (0x806e0005) - HandleRejectionError: file /builds/worker/checkouts/gecko/dom/media/MediaDecoderStateMachine.cpp, line 3367
[Child 8872, MediaDecoderStateMachine #1] WARNING: Decoder=7f222a0400 Decode error: NS_ERROR_DOM_MEDIA_FATAL_ERR (0x806e0005) - HandleRejectionError: file /builds/worker/checkouts/gecko/dom/media/MediaDecoderStateMachine.cpp, line 3367
[Child 8872, MediaDecoderStateMachine #1] WARNING: Decoder=7f222a0400 Decode error: NS_ERROR_DOM_MEDIA_FATAL_ERR (0x806e0005) - HandleRejectionError: file /builds/worker/checkouts/gecko/dom/media/MediaDecoderStateMachine.cpp, line 3367
[Child 8872, MediaDecoderStateMachine #1] WARNING: Decoder=7f222a0400 Decode error: NS_ERROR_DOM_MEDIA_FATAL_ERR (0x806e0005) - HandleRejectionError: file /builds/worker/checkouts/gecko/dom/media/MediaDecoderStateMachine.cpp, line 3367
[Child 8872, MediaDecoderStateMachine #1] WARNING: Decoder=7f222a0400 Decode error: NS_ERROR_DOM_MEDIA_FATAL_ERR (0x806e0005) - HandleRejectionError: file /builds/worker/checkouts/gecko/dom/media/MediaDecoderStateMachine.cpp, line 3367
[Child 8872, MediaDecoderStateMachine #1] WARNING: Decoder=7f222a0400 Decode error: NS_ERROR_DOM_MEDIA_FATAL_ERR (0x806e0005) - HandleRejectionError: file /builds/worker/checkouts/gecko/dom/media/MediaDecoderStateMachine.cpp, line 3367
[Child 8872, MediaDecoderStateMachine #1] WARNING: Decoder=7f222a0400 Decode error: NS_ERROR_DOM_MEDIA_FATAL_ERR (0x806e0005) - HandleRejectionError: file /builds/worker/checkouts/gecko/dom/media/MediaDecoderStateMachine.cpp, line 3367
[Child 8872, MediaDecoderStateMachine #1] WARNING: Decoder=7f222a0400 Decode error: NS_ERROR_DOM_MEDIA_FATAL_ERR (0x806e0005) - HandleRejectionError: file /builds/worker/checkouts/gecko/dom/media/MediaDecoderStateMachine.cpp, line 3367
[Child 8872, MediaDecoderStateMachine #1] WARNING: Decoder=7f222a0400 Decode error: NS_ERROR_DOM_MEDIA_FATAL_ERR (0x806e0005) - HandleRejectionError: file /builds/worker/checkouts/gecko/dom/media/MediaDecoderStateMachine.cpp, line 3367
[Child 8872, MediaDecoderStateMachine #1] WARNING: Decoder=7f222a0400 Decode error: NS_ERROR_DOM_MEDIA_FATAL_ERR (0x806e0005) - HandleRejectionError: file /builds/worker/checkouts/gecko/dom/media/MediaDecoderStateMachine.cpp, line 3367
[Child 8872, MediaDecoderStateMachine #1] WARNING: Decoder=7f222a0400 Decode error: NS_ERROR_DOM_MEDIA_FATAL_ERR (0x806e0005) - HandleRejectionError: file /builds/worker/checkouts/gecko/dom/media/MediaDecoderStateMachine.cpp, line 3367
[Child 8872, MediaDecoderStateMachine #1] WARNING: Decoder=7f222a0400 Decode error: NS_ERROR_DOM_MEDIA_FATAL_ERR (0x806e0005) - HandleRejectionError: file /builds/worker/checkouts/gecko/dom/media/MediaDecoderStateMachine.cpp, line 3367
[Child 8872, MediaDecoderStateMachine #1] WARNING: Decoder=7f222a0400 Decode error: NS_ERROR_DOM_MEDIA_FATAL_ERR (0x806e0005) - HandleRejectionError: file /builds/worker/checkouts/gecko/dom/media/MediaDecoderStateMachine.cpp, line 3367
[Child 8872, MediaDecoderStateMachine #1] WARNING: Decoder=7f222a0400 Decode error: NS_ERROR_DOM_MEDIA_FATAL_ERR (0x806e0005) - HandleRejectionError: file /builds/worker/checkouts/gecko/dom/media/MediaDecoderStateMachine.cpp, line 3367
[Child 8872, MediaDecoderStateMachine #1] WARNING: Decoder=7f222a0400 Decode error: NS_ERROR_DOM_MEDIA_FATAL_ERR (0x806e0005) - HandleRejectionError: file /builds/worker/checkouts/gecko/dom/media/MediaDecoderStateMachine.cpp, line 3367
[Child 8872, MediaDecoderStateMachine #1] WARNING: Decoder=7f222a0400 Decode error: NS_ERROR_DOM_MEDIA_FATAL_ERR (0x806e0005) - HandleRejectionError: file /builds/worker/checkouts/gecko/dom/media/MediaDecoderStateMachine.cpp, line 3367
[Child 8872, MediaDecoderStateMachine #1] WARNING: Decoder=7f222a0400 Decode error: NS_ERROR_DOM_MEDIA_FATAL_ERR (0x806e0005) - HandleRejectionError: file /builds/worker/checkouts/gecko/dom/media/MediaDecoderStateMachine.cpp, line 3367
[Child 8872, MediaDecoderStateMachine #1] WARNING: Decoder=7f222a0400 Decode error: NS_ERROR_DOM_MEDIA_FATAL_ERR (0x806e0005) - HandleRejectionError: file /builds/worker/checkouts/gecko/dom/media/MediaDecoderStateMachine.cpp, line 3367
[Child 8872, MediaDecoderStateMachine #1] WARNING: Decoder=7f222a0400 Decode error: NS_ERROR_DOM_MEDIA_FATAL_ERR (0x806e0005) - HandleRejectionError: file /builds/worker/checkouts/gecko/dom/media/MediaDecoderStateMachine.cpp, line 3367
[Child 8872, MediaDecoderStateMachine #1] WARNING: Decoder=7f222a0400 Decode error: NS_ERROR_DOM_MEDIA_FATAL_ERR (0x806e0005) - HandleRejectionError: file /builds/worker/checkouts/gecko/dom/media/MediaDecoderStateMachine.cpp, line 3367

###!!! [Parent][MessageChannel] Error: (msgtype=0x38012A,name=PContent::Msg_AsyncMessage) Channel error: cannot send/recv

A content process crashed and MOZ_CRASHREPORTER_SHUTDOWN is set, shutting down
JavaScript error: resource://gre/actors/BrowserElementParent.jsm, line 314: TypeError: state is undefined
JavaScript error: resource://gre/actors/BrowserElementParent.jsm, line 314: TypeError: state is undefined
